This is pdfTeX, Version 3.1415926-1.40.10 (TeX Live 2009/Debian) (format=pdflatex 2012.11.15)  6 APR 2013 18:37
entering extended mode
 %&-line parsing enabled.
**note_draft_report_structure.tex
(./note_draft_report_structure.tex
LaTeX2e <2009/09/24>
Babel <v3.8l> and hyphenation patterns for english, usenglishmax, dumylang, noh
yphenation, loaded.
(/usr/share/texmf-texlive/tex/latex/base/book.cls
Document Class: book 2007/10/19 v1.4h Standard LaTeX document class
(/usr/share/texmf-texlive/tex/latex/base/bk10.clo
File: bk10.clo 2007/10/19 v1.4h Standard LaTeX file (size option)
)
\c@part=\count79
\c@chapter=\count80
\c@section=\count81
\c@subsection=\count82
\c@subsubsection=\count83
\c@paragraph=\count84
\c@subparagraph=\count85
\c@figure=\count86
\c@table=\count87
\abovecaptionskip=\skip41
\belowcaptionskip=\skip42
\bibindent=\dimen102
)
(/usr/share/texmf-texlive/tex/latex/base/inputenc.sty
Package: inputenc 2008/03/30 v1.1d Input encoding file
\inpenc@prehook=\toks14
\inpenc@posthook=\toks15

(/usr/share/texmf-texlive/tex/latex/base/utf8.def
File: utf8.def 2008/04/05 v1.1m UTF-8 support for inputenc
Now handling font encoding OML ...
... no UTF-8 mapping file for font encoding OML
Now handling font encoding T1 ...
... processing UTF-8 mapping file for font encoding T1

(/usr/share/texmf-texlive/tex/latex/base/t1enc.dfu
File: t1enc.dfu 2008/04/05 v1.1m UTF-8 support for inputenc
   defining Unicode char U+00A1 (decimal 161)
   defining Unicode char U+00A3 (decimal 163)
   defining Unicode char U+00AB (decimal 171)
   defining Unicode char U+00BB (decimal 187)
   defining Unicode char U+00BF (decimal 191)
   defining Unicode char U+00C0 (decimal 192)
   defining Unicode char U+00C1 (decimal 193)
   defining Unicode char U+00C2 (decimal 194)
   defining Unicode char U+00C3 (decimal 195)
   defining Unicode char U+00C4 (decimal 196)
   defining Unicode char U+00C5 (decimal 197)
   defining Unicode char U+00C6 (decimal 198)
   defining Unicode char U+00C7 (decimal 199)
   defining Unicode char U+00C8 (decimal 200)
   defining Unicode char U+00C9 (decimal 201)
   defining Unicode char U+00CA (decimal 202)
   defining Unicode char U+00CB (decimal 203)
   defining Unicode char U+00CC (decimal 204)
   defining Unicode char U+00CD (decimal 205)
   defining Unicode char U+00CE (decimal 206)
   defining Unicode char U+00CF (decimal 207)
   defining Unicode char U+00D0 (decimal 208)
   defining Unicode char U+00D1 (decimal 209)
   defining Unicode char U+00D2 (decimal 210)
   defining Unicode char U+00D3 (decimal 211)
   defining Unicode char U+00D4 (decimal 212)
   defining Unicode char U+00D5 (decimal 213)
   defining Unicode char U+00D6 (decimal 214)
   defining Unicode char U+00D8 (decimal 216)
   defining Unicode char U+00D9 (decimal 217)
   defining Unicode char U+00DA (decimal 218)
   defining Unicode char U+00DB (decimal 219)
   defining Unicode char U+00DC (decimal 220)
   defining Unicode char U+00DD (decimal 221)
   defining Unicode char U+00DE (decimal 222)
   defining Unicode char U+00DF (decimal 223)
   defining Unicode char U+00E0 (decimal 224)
   defining Unicode char U+00E1 (decimal 225)
   defining Unicode char U+00E2 (decimal 226)
   defining Unicode char U+00E3 (decimal 227)
   defining Unicode char U+00E4 (decimal 228)
   defining Unicode char U+00E5 (decimal 229)
   defining Unicode char U+00E6 (decimal 230)
   defining Unicode char U+00E7 (decimal 231)
   defining Unicode char U+00E8 (decimal 232)
   defining Unicode char U+00E9 (decimal 233)
   defining Unicode char U+00EA (decimal 234)
   defining Unicode char U+00EB (decimal 235)
   defining Unicode char U+00EC (decimal 236)
   defining Unicode char U+00ED (decimal 237)
   defining Unicode char U+00EE (decimal 238)
   defining Unicode char U+00EF (decimal 239)
   defining Unicode char U+00F0 (decimal 240)
   defining Unicode char U+00F1 (decimal 241)
   defining Unicode char U+00F2 (decimal 242)
   defining Unicode char U+00F3 (decimal 243)
   defining Unicode char U+00F4 (decimal 244)
   defining Unicode char U+00F5 (decimal 245)
   defining Unicode char U+00F6 (decimal 246)
   defining Unicode char U+00F8 (decimal 248)
   defining Unicode char U+00F9 (decimal 249)
   defining Unicode char U+00FA (decimal 250)
   defining Unicode char U+00FB (decimal 251)
   defining Unicode char U+00FC (decimal 252)
   defining Unicode char U+00FD (decimal 253)
   defining Unicode char U+00FE (decimal 254)
   defining Unicode char U+00FF (decimal 255)
   defining Unicode char U+0102 (decimal 258)
   defining Unicode char U+0103 (decimal 259)
   defining Unicode char U+0104 (decimal 260)
   defining Unicode char U+0105 (decimal 261)
   defining Unicode char U+0106 (decimal 262)
   defining Unicode char U+0107 (decimal 263)
   defining Unicode char U+010C (decimal 268)
   defining Unicode char U+010D (decimal 269)
   defining Unicode char U+010E (decimal 270)
   defining Unicode char U+010F (decimal 271)
   defining Unicode char U+0110 (decimal 272)
   defining Unicode char U+0111 (decimal 273)
   defining Unicode char U+0118 (decimal 280)
   defining Unicode char U+0119 (decimal 281)
   defining Unicode char U+011A (decimal 282)
   defining Unicode char U+011B (decimal 283)
   defining Unicode char U+011E (decimal 286)
   defining Unicode char U+011F (decimal 287)
   defining Unicode char U+0130 (decimal 304)
   defining Unicode char U+0131 (decimal 305)
   defining Unicode char U+0132 (decimal 306)
   defining Unicode char U+0133 (decimal 307)
   defining Unicode char U+0139 (decimal 313)
   defining Unicode char U+013A (decimal 314)
   defining Unicode char U+013D (decimal 317)
   defining Unicode char U+013E (decimal 318)
   defining Unicode char U+0141 (decimal 321)
   defining Unicode char U+0142 (decimal 322)
   defining Unicode char U+0143 (decimal 323)
   defining Unicode char U+0144 (decimal 324)
   defining Unicode char U+0147 (decimal 327)
   defining Unicode char U+0148 (decimal 328)
   defining Unicode char U+014A (decimal 330)
   defining Unicode char U+014B (decimal 331)
   defining Unicode char U+0150 (decimal 336)
   defining Unicode char U+0151 (decimal 337)
   defining Unicode char U+0152 (decimal 338)
   defining Unicode char U+0153 (decimal 339)
   defining Unicode char U+0154 (decimal 340)
   defining Unicode char U+0155 (decimal 341)
   defining Unicode char U+0158 (decimal 344)
   defining Unicode char U+0159 (decimal 345)
   defining Unicode char U+015A (decimal 346)
   defining Unicode char U+015B (decimal 347)
   defining Unicode char U+015E (decimal 350)
   defining Unicode char U+015F (decimal 351)
   defining Unicode char U+0160 (decimal 352)
   defining Unicode char U+0161 (decimal 353)
   defining Unicode char U+0162 (decimal 354)
   defining Unicode char U+0163 (decimal 355)
   defining Unicode char U+0164 (decimal 356)
   defining Unicode char U+0165 (decimal 357)
   defining Unicode char U+016E (decimal 366)
   defining Unicode char U+016F (decimal 367)
   defining Unicode char U+0170 (decimal 368)
   defining Unicode char U+0171 (decimal 369)
   defining Unicode char U+0178 (decimal 376)
   defining Unicode char U+0179 (decimal 377)
   defining Unicode char U+017A (decimal 378)
   defining Unicode char U+017B (decimal 379)
   defining Unicode char U+017C (decimal 380)
   defining Unicode char U+017D (decimal 381)
   defining Unicode char U+017E (decimal 382)
   defining Unicode char U+200C (decimal 8204)
   defining Unicode char U+2013 (decimal 8211)
   defining Unicode char U+2014 (decimal 8212)
   defining Unicode char U+2018 (decimal 8216)
   defining Unicode char U+2019 (decimal 8217)
   defining Unicode char U+201A (decimal 8218)
   defining Unicode char U+201C (decimal 8220)
   defining Unicode char U+201D (decimal 8221)
   defining Unicode char U+201E (decimal 8222)
   defining Unicode char U+2030 (decimal 8240)
   defining Unicode char U+2031 (decimal 8241)
   defining Unicode char U+2039 (decimal 8249)
   defining Unicode char U+203A (decimal 8250)
   defining Unicode char U+2423 (decimal 9251)
)
Now handling font encoding OT1 ...
... processing UTF-8 mapping file for font encoding OT1

(/usr/share/texmf-texlive/tex/latex/base/ot1enc.dfu
File: ot1enc.dfu 2008/04/05 v1.1m UTF-8 support for inputenc
   defining Unicode char U+00A1 (decimal 161)
   defining Unicode char U+00A3 (decimal 163)
   defining Unicode char U+00B8 (decimal 184)
   defining Unicode char U+00BF (decimal 191)
   defining Unicode char U+00C5 (decimal 197)
   defining Unicode char U+00C6 (decimal 198)
   defining Unicode char U+00D8 (decimal 216)
   defining Unicode char U+00DF (decimal 223)
   defining Unicode char U+00E6 (decimal 230)
   defining Unicode char U+00EC (decimal 236)
   defining Unicode char U+00ED (decimal 237)
   defining Unicode char U+00EE (decimal 238)
   defining Unicode char U+00EF (decimal 239)
   defining Unicode char U+00F8 (decimal 248)
   defining Unicode char U+0131 (decimal 305)
   defining Unicode char U+0141 (decimal 321)
   defining Unicode char U+0142 (decimal 322)
   defining Unicode char U+0152 (decimal 338)
   defining Unicode char U+0153 (decimal 339)
   defining Unicode char U+2013 (decimal 8211)
   defining Unicode char U+2014 (decimal 8212)
   defining Unicode char U+2018 (decimal 8216)
   defining Unicode char U+2019 (decimal 8217)
   defining Unicode char U+201C (decimal 8220)
   defining Unicode char U+201D (decimal 8221)
)
Now handling font encoding OMS ...
... processing UTF-8 mapping file for font encoding OMS

(/usr/share/texmf-texlive/tex/latex/base/omsenc.dfu
File: omsenc.dfu 2008/04/05 v1.1m UTF-8 support for inputenc
   defining Unicode char U+00A7 (decimal 167)
   defining Unicode char U+00B6 (decimal 182)
   defining Unicode char U+00B7 (decimal 183)
   defining Unicode char U+2020 (decimal 8224)
   defining Unicode char U+2021 (decimal 8225)
   defining Unicode char U+2022 (decimal 8226)
)
Now handling font encoding OMX ...
... no UTF-8 mapping file for font encoding OMX
Now handling font encoding U ...
... no UTF-8 mapping file for font encoding U
   defining Unicode char U+00A9 (decimal 169)
   defining Unicode char U+00AA (decimal 170)
   defining Unicode char U+00AE (decimal 174)
   defining Unicode char U+00BA (decimal 186)
   defining Unicode char U+02C6 (decimal 710)
   defining Unicode char U+02DC (decimal 732)
   defining Unicode char U+200C (decimal 8204)
   defining Unicode char U+2026 (decimal 8230)
   defining Unicode char U+2122 (decimal 8482)
   defining Unicode char U+2423 (decimal 9251)
))
(/usr/share/texmf-texlive/tex/latex/graphics/graphicx.sty
Package: graphicx 1999/02/16 v1.0f Enhanced LaTeX Graphics (DPC,SPQR)

(/usr/share/texmf-texlive/tex/latex/graphics/keyval.sty
Package: keyval 1999/03/16 v1.13 key=value parser (DPC)
\KV@toks@=\toks16
)
(/usr/share/texmf-texlive/tex/latex/graphics/graphics.sty
Package: graphics 2009/02/05 v1.0o Standard LaTeX Graphics (DPC,SPQR)

(/usr/share/texmf-texlive/tex/latex/graphics/trig.sty
Package: trig 1999/03/16 v1.09 sin cos tan (DPC)
)
(/etc/texmf/tex/latex/config/graphics.cfg
File: graphics.cfg 2009/08/28 v1.8 graphics configuration of TeX Live
)
Package graphics Info: Driver file: pdftex.def on input line 91.

(/usr/share/texmf-texlive/tex/latex/pdftex-def/pdftex.def
File: pdftex.def 2010/03/12 v0.04p Graphics/color for pdfTeX
\Gread@gobject=\count88
))
\Gin@req@height=\dimen103
\Gin@req@width=\dimen104
)
(/usr/share/texmf-texlive/tex/latex/hyperref/hyperref.sty
Package: hyperref 2009/10/09 v6.79a Hypertext links for LaTeX

(/usr/share/texmf-texlive/tex/generic/oberdiek/ifpdf.sty
Package: ifpdf 2009/04/10 v2.0 Provides the ifpdf switch (HO)
Package ifpdf Info: pdfTeX in pdf mode detected.
)
(/usr/share/texmf-texlive/tex/generic/oberdiek/ifvtex.sty
Package: ifvtex 2008/11/04 v1.4 Switches for detecting VTeX and its modes (HO)
Package ifvtex Info: VTeX not detected.
)
(/usr/share/texmf-texlive/tex/generic/ifxetex/ifxetex.sty
Package: ifxetex 2009/01/23 v0.5 Provides ifxetex conditional
)
(/usr/share/texmf-texlive/tex/latex/oberdiek/hycolor.sty
Package: hycolor 2009/10/02 v1.5 Code for color options of hyperref/bookmark (H
O)

(/usr/share/texmf-texlive/tex/latex/oberdiek/xcolor-patch.sty
Package: xcolor-patch 2009/10/02 xcolor patch
))
\@linkdim=\dimen105
\Hy@linkcounter=\count89
\Hy@pagecounter=\count90

(/usr/share/texmf-texlive/tex/latex/hyperref/pd1enc.def
File: pd1enc.def 2009/10/09 v6.79a Hyperref: PDFDocEncoding definition (HO)
Now handling font encoding PD1 ...
... no UTF-8 mapping file for font encoding PD1
)
(/usr/share/texmf-texlive/tex/generic/oberdiek/etexcmds.sty
Package: etexcmds 2007/12/12 v1.2 Prefix for e-TeX command names (HO)

(/usr/share/texmf-texlive/tex/generic/oberdiek/infwarerr.sty
Package: infwarerr 2007/09/09 v1.2 Providing info/warning/message (HO)
)
Package etexcmds Info: Could not find \expanded.
(etexcmds)             That can mean that you are not using pdfTeX 1.50 or
(etexcmds)             that some package has redefined \expanded.
(etexcmds)             In the latter case, load this package earlier.
)
(/usr/share/texmf-texlive/tex/latex/latexconfig/hyperref.cfg
File: hyperref.cfg 2002/06/06 v1.2 hyperref configuration of TeXLive
)
(/usr/share/texmf-texlive/tex/latex/oberdiek/kvoptions.sty
Package: kvoptions 2009/08/13 v3.4 Keyval support for LaTeX options (HO)

(/usr/share/texmf-texlive/tex/generic/oberdiek/kvsetkeys.sty
Package: kvsetkeys 2009/07/30 v1.5 Key value parser with default handler suppor
t (HO)
))
Package hyperref Info: Hyper figures OFF on input line 2975.
Package hyperref Info: Link nesting OFF on input line 2980.
Package hyperref Info: Hyper index ON on input line 2983.
Package hyperref Info: Plain pages OFF on input line 2990.
Package hyperref Info: Backreferencing OFF on input line 2995.

Implicit mode ON; LaTeX internals redefined
Package hyperref Info: Bookmarks ON on input line 3191.
(/usr/share/texmf-texlive/tex/latex/ltxmisc/url.sty
\Urlmuskip=\muskip10
Package: url 2006/04/12  ver 3.3  Verb mode for urls, etc.
)
LaTeX Info: Redefining \url on input line 3428.

(/usr/share/texmf-texlive/tex/generic/oberdiek/bitset.sty
Package: bitset 2007/09/28 v1.0 Data type bit set (HO)

(/usr/share/texmf-texlive/tex/generic/oberdiek/intcalc.sty
Package: intcalc 2007/09/27 v1.1 Expandable integer calculations (HO)
)
(/usr/share/texmf-texlive/tex/generic/oberdiek/bigintcalc.sty
Package: bigintcalc 2007/11/11 v1.1 Expandable big integer calculations (HO)

(/usr/share/texmf-texlive/tex/generic/oberdiek/pdftexcmds.sty
Package: pdftexcmds 2009/09/23 v0.6 LuaTeX support for pdfTeX utility functions
 (HO)

(/usr/share/texmf-texlive/tex/generic/oberdiek/ifluatex.sty
Package: ifluatex 2009/04/17 v1.2 Provides the ifluatex switch (HO)
Package ifluatex Info: LuaTeX not detected.
)
(/usr/share/texmf-texlive/tex/generic/oberdiek/ltxcmds.sty
Package: ltxcmds 2009/08/05 v1.0 Some LaTeX kernel commands for general use (HO
)
)
Package pdftexcmds Info: LuaTeX not detected.
Package pdftexcmds Info: \pdf@primitive is available.
Package pdftexcmds Info: \pdf@ifprimitive is available.
)))
\Fld@menulength=\count91
\Field@Width=\dimen106
\Fld@charsize=\dimen107
\Field@toks=\toks17
Package hyperref Info: Hyper figures OFF on input line 4377.
Package hyperref Info: Link nesting OFF on input line 4382.
Package hyperref Info: Hyper index ON on input line 4385.
Package hyperref Info: backreferencing OFF on input line 4392.
Package hyperref Info: Link coloring OFF on input line 4397.
Package hyperref Info: Link coloring with OCG OFF on input line 4402.
Package hyperref Info: PDF/A mode OFF on input line 4407.

(/usr/share/texmf-texlive/tex/generic/oberdiek/atbegshi.sty
Package: atbegshi 2008/07/31 v1.9 At begin shipout hook (HO)
)
\Hy@abspage=\count92
\c@Item=\count93
\c@Hfootnote=\count94
)
*hyperref using default driver hpdftex*
(/usr/share/texmf-texlive/tex/latex/hyperref/hpdftex.def
File: hpdftex.def 2009/10/09 v6.79a Hyperref driver for pdfTeX
\Fld@listcount=\count95
)
(./note_draft_report_structure.aux

LaTeX Warning: Label `managingDisruptiveInnovation' multiply defined.

)
\openout1 = `note_draft_report_structure.aux'.

LaTeX Font Info:    Checking defaults for OML/cmm/m/it on input line 7.
LaTeX Font Info:    ... okay on input line 7.
LaTeX Font Info:    Checking defaults for T1/cmr/m/n on input line 7.
LaTeX Font Info:    ... okay on input line 7.
LaTeX Font Info:    Checking defaults for OT1/cmr/m/n on input line 7.
LaTeX Font Info:    ... okay on input line 7.
LaTeX Font Info:    Checking defaults for OMS/cmsy/m/n on input line 7.
LaTeX Font Info:    ... okay on input line 7.
LaTeX Font Info:    Checking defaults for OMX/cmex/m/n on input line 7.
LaTeX Font Info:    ... okay on input line 7.
LaTeX Font Info:    Checking defaults for U/cmr/m/n on input line 7.
LaTeX Font Info:    ... okay on input line 7.
LaTeX Font Info:    Checking defaults for PD1/pdf/m/n on input line 7.
LaTeX Font Info:    ... okay on input line 7.
 (/usr/share/texmf-texlive/tex/context/base/supp-pdf.mkii
[Loading MPS to PDF converter (version 2006.09.02).]
\scratchcounter=\count96
\scratchdimen=\dimen108
\scratchbox=\box26
\nofMPsegments=\count97
\nofMParguments=\count98
\everyMPshowfont=\toks18
\MPscratchCnt=\count99
\MPscratchDim=\dimen109
\MPnumerator=\count100
\everyMPtoPDFconversion=\toks19
)
Package hyperref Info: Link coloring OFF on input line 7.
 (/usr/share/texmf-texlive/tex/latex/hyperref/nameref.sty
Package: nameref 2007/05/29 v2.31 Cross-referencing by name of section

(/usr/share/texmf-texlive/tex/latex/oberdiek/refcount.sty
Package: refcount 2008/08/11 v3.1 Data extraction from references (HO)
)
\c@section@level=\count101
)
LaTeX Info: Redefining \ref on input line 7.
LaTeX Info: Redefining \pageref on input line 7.

(./note_draft_report_structure.out) (./note_draft_report_structure.out)
\@outlinefile=\write3
\openout3 = `note_draft_report_structure.out'.

\AtBeginShipoutBox=\box27

[1{/var/lib/texmf/fonts/map/pdftex/updmap/pdftex.map}

] [2

]
(./note_draft_report_structure.toc
LaTeX Font Info:    External font `cmex10' loaded for size
(Font)              <7> on input line 1.
LaTeX Font Info:    External font `cmex10' loaded for size
(Font)              <5> on input line 1.
)
\tf@toc=\write4
\openout4 = `note_draft_report_structure.toc'.

 [3]

LaTeX Warning: Citation `halfPreditEbookDominant2014' on page 4 undefined on in
put line 30.

LaTeX Font Info:    External font `cmex10' loaded for size
(Font)              <8> on input line 37.
LaTeX Font Info:    External font `cmex10' loaded for size
(Font)              <6> on input line 37.
[4] [5]
Underfull \hbox (badness 10000) in paragraph at lines 98--105

 []


Underfull \hbox (badness 10000) in paragraph at lines 117--121

 []


<images/simpleDisruptiveInnovationModel.png, id=202, 1016.79875pt x 523.9575pt>
File: images/simpleDisruptiveInnovationModel.png Graphic file (type png)
<use images/simpleDisruptiveInnovationModel.png> [6 <./images/simpleDisruptiveI
nnovationModel.png>]

LaTeX Warning: Citation `innovatorsDilemma' on page 7 undefined on input line 1
41.


LaTeX Warning: Citation `innovatorsDilemma' on page 7 undefined on input line 1
43.


Underfull \hbox (badness 10000) in paragraph at lines 149--151

 []

[7]
<images/twoDiruptiveInnovationModels.png, id=229, 729.72626pt x 456.70625pt>
File: images/twoDiruptiveInnovationModels.png Graphic file (type png)

<use images/twoDiruptiveInnovationModels.png>
Underfull \hbox (badness 10000) in paragraph at lines 188--193

 []


Underfull \hbox (badness 10000) in paragraph at lines 194--200

 []


Underfull \hbox (badness 10000) in paragraph at lines 201--210

 []


Underfull \hbox (badness 10000) in paragraph at lines 211--213

 []

[8 <./images/twoDiruptiveInnovationModels.png>]

LaTeX Warning: Citation `phdChristianStrom' on page 9 undefined on input line 2
43.

[9]

LaTeX Warning: Citation `effectuationExperiment' on page 10 undefined on input 
line 252.


Underfull \hbox (badness 10000) in paragraph at lines 262--263

 []

<images/effectuationCycle.png, id=258, 1164.35pt x 513.92pt>
File: images/effectuationCycle.png Graphic file (type png)

<use images/effectuationCycle.png>
Overfull \hbox (34.5021pt too wide) in paragraph at lines 265--267
[][] 
 []


Underfull \hbox (badness 10000) in paragraph at lines 272--282

 []

[10 <./images/effectuationCycle.png>] [11]
Underfull \hbox (badness 8132) in paragraph at lines 363--365
[]\OT1/cmr/m/n/10 Validating the prob-lem and
 []


Underfull \hbox (badness 5519) in paragraph at lines 369--371
[]\OT1/cmr/m/n/10 Early val-i-da-tion that peo-ple
 []


Underfull \hbox (badness 1533) in paragraph at lines 369--371
\OT1/cmr/m/n/10 are in-ter-ested in the prod-uct
 []


Underfull \hbox (badness 1708) in paragraph at lines 374--377
\OT1/cmr/m/n/10 prov-ing the ef-fi-ciency of cus-
 []


Underfull \hbox (badness 2762) in paragraph at lines 374--377
\OT1/cmr/m/n/10 tups should be able to ef-fi-
 []


Overfull \hbox (112.19548pt too wide) in paragraph at lines 360--388
[][] 
 []

[12] [13]
Underfull \hbox (badness 10000) in paragraph at lines 439--444

 []

[14] [15] [16] [17] [18] [19] [20]
Underfull \hbox (badness 10000) in paragraph at lines 770--773
[]$\OT1/cmtt/m/n/10 http : / / money . msn . com / investment-[]advice / latest
-[]4 . aspx ? post =
 []


Underfull \hbox (badness 10000) in paragraph at lines 770--773

 []


Underfull \hbox (badness 10000) in paragraph at lines 777--781

 []


Underfull \hbox (badness 10000) in paragraph at lines 790--794

 []


Underfull \hbox (badness 10000) in paragraph at lines 796--800

 []


Underfull \hbox (badness 10000) in paragraph at lines 803--807

 []


Underfull \hbox (badness 10000) in paragraph at lines 816--819

 []

[21

]
Underfull \hbox (badness 10000) in paragraph at lines 821--824

 []


Underfull \hbox (badness 10000) in paragraph at lines 839--842

 []


Underfull \hbox (badness 1028) in paragraph at lines 851--854
[]\OT1/cmr/m/n/10 http://www.bbc.co.uk/news/business-20663550 (Ac-cessed 17 De-
cem-ber
 []


Underfull \hbox (badness 10000) in paragraph at lines 856--859

 []


Overfull \hbox (99.30188pt too wide) in paragraph at lines 862--865
[]$\OT1/cmtt/m/n/10 http : / / bgr . com / 2011 / 04 / 12 / ipad-[]tablets-[]cl
early-[]disrupting-[]pc-[]market-[]survey-[]finds/$[] 
 []


Underfull \hbox (badness 10000) in paragraph at lines 862--865

 []


Underfull \hbox (badness 10000) in paragraph at lines 867--870

 []


Overfull \hbox (82.55202pt too wide) in paragraph at lines 872--876
[]$\OT1/cmtt/m/n/10 http : / / www . oregonbusiness . com / linda / 7830-[]onli
ne-[]higher-[]education-[]startups-[]boom$[] 
 []


Underfull \hbox (badness 10000) in paragraph at lines 872--876

 []


Overfull \hbox (66.30215pt too wide) in paragraph at lines 878--882
[]$\OT1/cmtt/m/n/10 http : / / techcrunch . com / 2012 / 08 / 31 / blended-[]cl
assroom-[]boom-[]education-[]startups/$[] 
 []


Underfull \hbox (badness 10000) in paragraph at lines 878--882

 []

[22]
Underfull \hbox (badness 10000) in paragraph at lines 884--888
[]$\OT1/cmtt/m/n/10 http : / / www . ted . com / talks / daphne _ koller _ what
 _ we _ re _ learning _
 []


Overfull \hbox (59.0522pt too wide) in paragraph at lines 890--893
[]$\OT1/cmtt/m/n/10 http : / / online . wsj . com / article / SB100014240527023
03916904577375502392129654 .
 []


Overfull \hbox (269.80042pt too wide) in paragraph at lines 895--898
[]$\OT1/cmtt/m/n/10 http : / / techcrunch . com / 2011 / 10 / 25 / subtext-[]ra
ises-[]3-[]million-[]from-[]google-[]ventures-[]more-[]to-[]make-[]ebook-[]read
ing-[]social/$[] 
 []


Overfull \hbox (52.05229pt too wide) in paragraph at lines 905--908
[]$\OT1/cmtt/m/n/10 http : / / www . edukwest . com / inkling-[]raises-[]17-[]m
illion-[]swings-[]for-[]the-[]fences/$[] 
 []


Overfull \hbox (105.05183pt too wide) in paragraph at lines 910--913
[]$\OT1/cmtt/m/n/10 http : / / www . edukwest . com / chegg-[]etextbook-[]reade
r-[]launches-[]today-[]works-[]on-[]any-[]device/$[] 
 []


Underfull \hbox (badness 10000) in paragraph at lines 915--918
[]$\OT1/cmtt/m/n/10 http : / / www . bloomberg . com / news / 2011-[]04-[]08 /
 []


Overfull \hbox (59.80225pt too wide) in paragraph at lines 915--918
\OT1/cmtt/m/n/10 intel-[]is-[]said-[]to-[]lead-[]30-[]million-[]funding-[]of-[]
education-[]tablet-[]startup-[]kno .
 []


Underfull \hbox (badness 10000) in paragraph at lines 920--924

 []


Underfull \hbox (badness 10000) in paragraph at lines 926--929
[]$\OT1/cmtt/m/n/10 http : / / www . publishersweekly . com / pw / by-[]topic /

 []


Underfull \hbox (badness 10000) in paragraph at lines 926--929
\OT1/cmtt/m/n/10 industry-[]news / financial-[]reporting / article /
 []


Underfull \hbox (badness 10000) in paragraph at lines 926--929
\OT1/cmtt/m/n/10 54372-[]trade-[]sales-[]rose-[]13-[]in-[]january-[]june-[]peri
od-[]aap-[]says .
 []


Underfull \hbox (badness 10000) in paragraph at lines 926--929

 []


Underfull \hbox (badness 10000) in paragraph at lines 934--937

 []

[23]
Underfull \hbox (badness 10000) in paragraph at lines 939--942

 []


Underfull \hbox (badness 10000) in paragraph at lines 944--948
[]$\OT1/cmtt/m/n/10 http : / / www . effectuation . org / sites / default / fil
es / What % 20makes %
 []


Underfull \hbox (badness 10000) in paragraph at lines 944--948

 []


Underfull \hbox (badness 10000) in paragraph at lines 950--954
[]$\OT1/cmtt/m/n/10 http : / / www . effectuation . org / sites / default / fil
es / documents /
 []


Underfull \hbox (badness 10000) in paragraph at lines 950--954

 []


Underfull \hbox (badness 10000) in paragraph at lines 956--959
[]\OT1/cmr/m/it/10 Effectuation 101 []$\OT1/cmtt/m/n/10 http : / / www . effect
uation . org / learn /
 []


Underfull \hbox (badness 10000) in paragraph at lines 956--959

 []


Underfull \hbox (badness 10000) in paragraph at lines 961--965
[]$\OT1/cmtt/m/n/10 http : / / www . effectuation . org / sites / default / fil
es / documents /
 []


Underfull \hbox (badness 10000) in paragraph at lines 961--965

 []


Underfull \hbox (badness 10000) in paragraph at lines 967--971

 []


Underfull \hbox (badness 10000) in paragraph at lines 975--978
[]$\OT1/cmtt/m/n/10 http : / / www . youtube . com / watch ? feature = player _
 embedded&v =
 []


Underfull \hbox (badness 10000) in paragraph at lines 975--978

 []


Underfull \hbox (badness 10000) in paragraph at lines 982--985

 []


Underfull \hbox (badness 1014) in paragraph at lines 989--994
\OT1/cmr/m/it/10 Chapter 13: The Na-ture of the En-trepreneurial Pro-cess: Cau-
sa-tion,
 []


Underfull \hbox (badness 10000) in paragraph at lines 989--994
[]$\OT1/cmtt/m/n/10 http : / / www . emeraldinsight . com / books . htm ? issn 
= 1876-[]0228&volume =
 []


Underfull \hbox (badness 10000) in paragraph at lines 989--994

 []

[24]
Underfull \hbox (badness 10000) in paragraph at lines 997--1000
[]$\OT1/cmtt/m/n/10 http : / / www . aomevents . com / media / files / ISS % 20
2012 / ISS %
 []


Underfull \hbox (badness 10000) in paragraph at lines 997--1000

 []


Underfull \hbox (badness 10000) in paragraph at lines 1002--1007
[]\OT1/cmr/m/it/10 MANAGING DIS-RUP-TIVE IN-NO-VA-TION: EN-TREPRENEURIAL
 []


Underfull \hbox (badness 10000) in paragraph at lines 1002--1007
\OT1/cmr/m/it/10 STRATE-GIES AND TOUR-NA-MENTS FOR COR-PO-RATE
 []


Underfull \hbox (badness 10000) in paragraph at lines 1002--1007

 []


Underfull \hbox (badness 10000) in paragraph at lines 1014--1019

 []


Overfull \hbox (98.80188pt too wide) in paragraph at lines 1022--1027
[]$\OT1/cmtt/m/n/10 http : / / blog . startupcompass . co / pages / startup-[]g
enome-[]report-[]extra-[]on-[]premature-[]scal$[] 
 []


Underfull \hbox (badness 10000) in paragraph at lines 1022--1027

 []


Underfull \hbox (badness 10000) in paragraph at lines 1030--1034

 []


Underfull \hbox (badness 10000) in paragraph at lines 1038--1041
[]$\OT1/cmtt/m/n/10 http : / / www . huffingtonpost . com / mark-[]coker /
 []


Underfull \hbox (badness 10000) in paragraph at lines 1038--1041

 []


Underfull \hbox (badness 10000) in paragraph at lines 1043--1046
[]$\OT1/cmtt/m/n/10 http : / / www . huffingtonpost . com / mark-[]coker /
 []


Underfull \hbox (badness 10000) in paragraph at lines 1043--1046

 []

[25]
Underfull \hbox (badness 10000) in paragraph at lines 1048--1053

 []


Overfull \hbox (46.80234pt too wide) in paragraph at lines 1055--1058
[]$\OT1/cmtt/m/n/10 http : / / www . getelastic . com / the-[]rise-[]and-[]rise
-[]of-[]e-[]textbooks-[]infographic/$[] 
 []


Underfull \hbox (badness 10000) in paragraph at lines 1055--1058

 []


Overfull \hbox (265.05046pt too wide) in paragraph at lines 1060--1063
[]$\OT1/cmtt/m/n/10 http : / / techcrunch . com / 2011 / 05 / 19 / that-[]was-[
]fast-[]amazons-[]kindle-[]ebook-[]sales-[]surpass-[]print-[]it-[]only-[]took-[
]four-[]years/$[] 
 []


Underfull \hbox (badness 10000) in paragraph at lines 1060--1063

 []


Underfull \hbox (badness 10000) in paragraph at lines 1068--1071
[]$\OT1/cmtt/m/n/10 http : / / tech . fortune . cnn . com / 2011 / 03 / 25 /
 []


Underfull \hbox (badness 10000) in paragraph at lines 1068--1071

 []


Underfull \hbox (badness 10000) in paragraph at lines 1074--1077
[]$\OT1/cmtt/m/n/10 http : / / www . apple . com / pr / library / 2010 / 08 /
 []

pdfTeX warning (ext4): destination with the same identifier (name{cite.managing
DisruptiveInnovation}) has been already used, duplicate ignored
<to be read again> 
                   \relax 
l.1078 \bibitem{managingDisruptiveInnovation}
                                             
Underfull \hbox (badness 4181) in paragraph at lines 1079--1087
\OT1/cmr/m/n/10 ENTREPRENEURIAL STRATE-GIES AND TOUR-NA-MENTS FOR
 []


Overfull \hbox (553.54799pt too wide) in paragraph at lines 1089--1091
[]$\OT1/cmtt/m/n/10 http : / / techcrunch . com / 2012 / 11 / 26 / twitter-[]ce
o-[]dick-[]costolo-[]twitter-[]sees-[]a-[]billion-[]tweets-[]every-[]two-[]and-
[]a-[]half-[]days-[]users-[]can-[]download-[]their-[]entire-[]archive-[]by-[]ye
ar-[]end/$[] 
 []


Underfull \hbox (badness 10000) in paragraph at lines 1089--1091

 []

[26]
Overfull \hbox (66.80215pt too wide) in paragraph at lines 1098--1101
[]$\OT1/cmtt/m/n/10 http : / / www . forbes . com / 2008 / 01 / 29 / disruptome
ter-[]amazon-[]sony-[]lead-[]clayton-[]in _
 []


Underfull \hbox (badness 10000) in paragraph at lines 1104--1108

 []

[27] (./note_draft_report_structure.aux)

LaTeX Warning: There were undefined references.


LaTeX Warning: There were multiply-defined labels.

 ) 
Here is how much of TeX's memory you used:
 4631 strings out of 495061
 67905 string characters out of 1182620
 142042 words of memory out of 3000000
 7590 multiletter control sequences out of 15000+50000
 8806 words of font info for 31 fonts, out of 3000000 for 9000
 28 hyphenation exceptions out of 8191
 38i,9n,36p,296b,400s stack positions out of 5000i,500n,10000p,200000b,50000s
</usr/share/texmf-texlive/fonts/type1/public/amsfonts/cm/cmbx10.pfb></usr/sha
re/texmf-texlive/fonts/type1/public/amsfonts/cm/cmbx12.pfb></usr/share/texmf-te
xlive/fonts/type1/public/amsfonts/cm/cmr10.pfb></usr/share/texmf-texlive/fonts/
type1/public/amsfonts/cm/cmr6.pfb></usr/share/texmf-texlive/fonts/type1/public/
amsfonts/cm/cmr7.pfb></usr/share/texmf-texlive/fonts/type1/public/amsfonts/cm/c
mr8.pfb></usr/share/texmf-texlive/fonts/type1/public/amsfonts/cm/cmsl10.pfb></u
sr/share/texmf-texlive/fonts/type1/public/amsfonts/cm/cmti10.pfb></usr/share/te
xmf-texlive/fonts/type1/public/amsfonts/cm/cmti8.pfb></usr/share/texmf-texlive/
fonts/type1/public/amsfonts/cm/cmtt10.pfb>
Output written on note_draft_report_structure.pdf (27 pages, 501109 bytes).
PDF statistics:
 602 PDF objects out of 1000 (max. 8388607)
 165 named destinations out of 1000 (max. 500000)
 232 words of extra memory for PDF output out of 10000 (max. 10000000)

